Mar-25 16:45:56.819 [main] INFO  com.askimed.nf.test.App - nf-test 0.9.2
Mar-25 16:45:56.837 [main] INFO  com.askimed.nf.test.App - Arguments: [test, modules/local/msnbasexic]
Mar-25 16:45:57.733 [main] INFO  com.askimed.nf.test.App - Nextflow Version: 24.10.4
Mar-25 16:45:57.746 [main] WARN  com.askimed.nf.test.commands.RunTestsCommand - No nf-test config file found.
Mar-25 16:45:57.796 [main] INFO  com.askimed.nf.test.lang.dependencies.DependencyResolver - Loaded 19 files from directory /home/proteomics/mygit/nf-core/nf-core-ribomsqc in 0.04 sec
Mar-25 16:45:57.799 [main] INFO  com.askimed.nf.test.lang.dependencies.DependencyResolver - Found 1 files containing tests.
Mar-25 16:45:57.800 [main] DEBUG com.askimed.nf.test.lang.dependencies.DependencyResolver - Found files: [/home/proteomics/mygit/nf-core/nf-core-ribomsqc/modules/local/msnbasexic/tests/main.nf.test]
Mar-25 16:45:58.301 [main] INFO  com.askimed.nf.test.commands.RunTestsCommand - Found 1 tests to execute.
Mar-25 16:45:58.302 [main] INFO  com.askimed.nf.test.core.TestExecutionEngine - Started test plan
Mar-25 16:45:58.302 [main] INFO  com.askimed.nf.test.core.TestExecutionEngine - Running testsuite 'Test Process MSNBASEXIC' from file '/home/proteomics/mygit/nf-core/nf-core-ribomsqc/modules/local/msnbasexic/tests/main.nf.test'.
Mar-25 16:45:58.302 [main] INFO  com.askimed.nf.test.core.TestExecutionEngine - Run test '8343015d: basic test'. type: com.askimed.nf.test.lang.process.ProcessTest
Mar-25 16:46:16.491 [main] INFO  com.askimed.nf.test.core.TestExecutionEngine - Test '8343015d: basic test' finished. status: FAILED
org.codehaus.groovy.runtime.powerassert.PowerAssertionError: 2 of 2 assertions failed
	at com.askimed.nf.test.lang.extensions.GlobalMethods.assertAll(GlobalMethods.java:48)
	at java.base/jdk.internal.reflect.NativeMethodAccessorImpl.invoke0(Native Method)
	at java.base/jdk.internal.reflect.NativeMethodAccessorImpl.invoke(NativeMethodAccessorImpl.java:62)
	at java.base/jdk.internal.reflect.DelegatingMethodAccessorImpl.invoke(DelegatingMethodAccessorImpl.java:43)
	at java.base/java.lang.reflect.Method.invoke(Method.java:566)
	at org.codehaus.groovy.reflection.CachedMethod.invoke(CachedMethod.java:107)
	at groovy.lang.MetaMethod.doMethodInvoke(MetaMethod.java:323)
	at org.codehaus.groovy.runtime.callsite.StaticMetaMethodSite.invoke(StaticMetaMethodSite.java:44)
	at org.codehaus.groovy.runtime.callsite.StaticMetaMethodSite.callStatic(StaticMetaMethodSite.java:100)
	at org.codehaus.groovy.runtime.callsite.CallSiteArray.defaultCallStatic(CallSiteArray.java:55)
	at org.codehaus.groovy.runtime.callsite.AbstractCallSite.callStatic(AbstractCallSite.java:217)
	at org.codehaus.groovy.runtime.callsite.AbstractCallSite.callStatic(AbstractCallSite.java:240)
	at main_nf$_run_closure1$_closure2$_closure4.doCall(main.nf.test:32)
	at main_nf$_run_closure1$_closure2$_closure4.doCall(main.nf.test)
	at java.base/jdk.internal.reflect.NativeMethodAccessorImpl.invoke0(Native Method)
	at java.base/jdk.internal.reflect.NativeMethodAccessorImpl.invoke(NativeMethodAccessorImpl.java:62)
	at java.base/jdk.internal.reflect.DelegatingMethodAccessorImpl.invoke(DelegatingMethodAccessorImpl.java:43)
	at java.base/java.lang.reflect.Method.invoke(Method.java:566)
	at org.codehaus.groovy.reflection.CachedMethod.invoke(CachedMethod.java:107)
	at groovy.lang.MetaMethod.doMethodInvoke(MetaMethod.java:323)
	at org.codehaus.groovy.runtime.metaclass.ClosureMetaClass.invokeMethod(ClosureMetaClass.java:274)
	at groovy.lang.MetaClassImpl.invokeMethod(MetaClassImpl.java:1030)
	at groovy.lang.Closure.call(Closure.java:427)
	at groovy.lang.Closure.call(Closure.java:406)
	at com.askimed.nf.test.lang.TestCode.execute(TestCode.java:16)
	at com.askimed.nf.test.lang.process.ProcessTest.execute(ProcessTest.java:171)
	at com.askimed.nf.test.core.TestExecutionEngine.execute(TestExecutionEngine.java:165)
	at com.askimed.nf.test.commands.RunTestsCommand.execute(RunTestsCommand.java:298)
	at com.askimed.nf.test.commands.AbstractCommand.call(AbstractCommand.java:43)
	at com.askimed.nf.test.commands.AbstractCommand.call(AbstractCommand.java:18)
	at picocli.CommandLine.executeUserObject(CommandLine.java:1953)
	at picocli.CommandLine.access$1300(CommandLine.java:145)
	at picocli.CommandLine$RunLast.executeUserObjectOfLastSubcommandWithSameParent(CommandLine.java:2352)
	at picocli.CommandLine$RunLast.handle(CommandLine.java:2346)
	at picocli.CommandLine$RunLast.handle(CommandLine.java:2311)
	at picocli.CommandLine$AbstractParseResultHandler.execute(CommandLine.java:2179)
	at picocli.CommandLine.execute(CommandLine.java:2078)
	at com.askimed.nf.test.App.run(App.java:39)
	at com.askimed.nf.test.App.main(App.java:46)
Mar-25 16:46:16.494 [main] INFO  com.askimed.nf.test.core.TestExecutionEngine - Testsuite 'Test Process MSNBASEXIC' finished. snapshot file: false, skipped tests: false, failed tests: true
Mar-25 16:46:16.494 [main] INFO  com.askimed.nf.test.core.TestExecutionEngine - Executed 1 tests. 1 tests failed. Done!
